# JRE version: OpenJDK Runtime Environment (Zulu 8.52.0.23-CA-win64) (8.0_282-b08) (build 1.8.0_282-b08)
# Java VM: OpenJDK 64-Bit Server VM (25.282-b08 mixed mode windows-amd64 compressed oops)
Heap:
 PSYoungGen      total 138240K, used 71647K [0x00000000d5580000, 0x00000000de500000, 0x0000000100000000)
  eden space 132608K, 49% used [0x00000000d5580000,0x00000000d95f91b8,0x00000000dd700000)
  from space 5632K, 99% used [0x00000000dde00000,0x00000000de37eb18,0x00000000de380000)
  to   space 7168K, 0% used [0x00000000dd700000,0x00000000dd700000,0x00000000dde00000)
 ParOldGen       total 34816K, used 12837K [0x0000000080000000, 0x0000000082200000, 0x00000000d5580000)
  object space 34816K, 36% used [0x0000000080000000,0x0000000080c89410,0x0000000082200000)
 Metaspace       used 30246K, capacity 31154K, committed 31360K, reserved 1077248K
  class space    used 3598K, capacity 3859K, committed 3968K, reserved 1048576K
GC Heap History (10 events):
Event: 9.153 GC heap before
{Heap before GC invocations=9 (full 0):
 PSYoungGen      total 68096K, used 65917K [0x00000000d5580000, 0x00000000d9c80000, 0x0000000100000000)
  eden space 63488K, 100% used [0x00000000d5580000,0x00000000d9380000,0x00000000d9380000)
  from space 4608K, 52% used [0x00000000d9800000,0x00000000d9a5f5e8,0x00000000d9c80000)
  to   space 4608K, 0% used [0x00000000d9380000,0x00000000d9380000,0x00000000d9800000)
 ParOldGen       total 42496K, used 6199K [0x0000000080000000, 0x0000000082980000, 0x00000000d5580000)
  object space 42496K, 14% used [0x0000000080000000,0x000000008060dc30,0x0000000082980000)
 Metaspace       used 18068K, capacity 18278K, committed 18560K, reserved 1064960K
  class space    used 1970K, capacity 2070K, committed 2176K, reserved 1048576K
Event: 9.162 GC heap after
Heap after GC invocations=9 (full 0):
 PSYoungGen      total 68096K, used 4591K [0x00000000d5580000, 0x00000000dc400000, 0x0000000100000000)
  eden space 63488K, 0% used [0x00000000d5580000,0x00000000d5580000,0x00000000d9380000)
  from space 4608K, 99% used [0x00000000d9380000,0x00000000d97fbcc8,0x00000000d9800000)
  to   space 5632K, 0% used [0x00000000dbe80000,0x00000000dbe80000,0x00000000dc400000)
 ParOldGen       total 42496K, used 7559K [0x0000000080000000, 0x0000000082980000, 0x00000000d5580000)
  object space 42496K, 17% used [0x0000000080000000,0x0000000080761c48,0x0000000082980000)
 Metaspace       used 18068K, capacity 18278K, committed 18560K, reserved 1064960K
  class space    used 1970K, capacity 2070K, committed 2176K, reserved 1048576K
}
Event: 10.126 GC heap before
{Heap before GC invocations=10 (full 0):
 PSYoungGen      total 68096K, used 52718K [0x00000000d5580000, 0x00000000dc400000, 0x0000000100000000)
  eden space 63488K, 75% used [0x00000000d5580000,0x00000000d847fbd0,0x00000000d9380000)
  from space 4608K, 99% used [0x00000000d9380000,0x00000000d97fbcc8,0x00000000d9800000)
  to   space 5632K, 0% used [0x00000000dbe80000,0x00000000dbe80000,0x00000000dc400000)
 ParOldGen       total 42496K, used 7559K [0x0000000080000000, 0x0000000082980000, 0x00000000d5580000)
  object space 42496K, 17% used [0x0000000080000000,0x0000000080761c48,0x0000000082980000)
 Metaspace       used 20861K, capacity 21136K, committed 21296K, reserved 1069056K
  class space    used 2311K, capacity 2425K, committed 2432K, reserved 1048576K
Event: 10.139 GC heap after
Heap after GC invocations=10 (full 0):
 PSYoungGen      total 107520K, used 4791K [0x00000000d5580000, 0x00000000dc400000, 0x0000000100000000)
  eden space 101888K, 0% used [0x00000000d5580000,0x00000000d5580000,0x00000000db900000)
  from space 5632K, 85% used [0x00000000dbe80000,0x00000000dc32df38,0x00000000dc400000)
  to   space 5632K, 0% used [0x00000000db900000,0x00000000db900000,0x00000000dbe80000)
 ParOldGen       total 42496K, used 8439K [0x0000000080000000, 0x0000000082980000, 0x00000000d5580000)
  object space 42496K, 19% used [0x0000000080000000,0x000000008083dc78,0x0000000082980000)
 Metaspace       used 20861K, capacity 21136K, committed 21296K, reserved 1069056K
  class space    used 2311K, capacity 2425K, committed 2432K, reserved 1048576K
}
Event: 10.139 GC heap before
{Heap before GC invocations=11 (full 1):
 PSYoungGen      total 107520K, used 4791K [0x00000000d5580000, 0x00000000dc400000, 0x0000000100000000)
  eden space 101888K, 0% used [0x00000000d5580000,0x00000000d5580000,0x00000000db900000)
  from space 5632K, 85% used [0x00000000dbe80000,0x00000000dc32df38,0x00000000dc400000)
  to   space 5632K, 0% used [0x00000000db900000,0x00000000db900000,0x00000000dbe80000)
 ParOldGen       total 42496K, used 8439K [0x0000000080000000, 0x0000000082980000, 0x00000000d5580000)
  object space 42496K, 19% used [0x0000000080000000,0x000000008083dc78,0x0000000082980000)
 Metaspace       used 20861K, capacity 21136K, committed 21296K, reserved 1069056K
  class space    used 2311K, capacity 2425K, committed 2432K, reserved 1048576K
Event: 10.236 GC heap after
Heap after GC invocations=11 (full 1):
 PSYoungGen      total 107520K, used 0K [0x00000000d5580000, 0x00000000dc400000, 0x0000000100000000)
  eden space 101888K, 0% used [0x00000000d5580000,0x00000000d5580000,0x00000000db900000)
  from space 5632K, 0% used [0x00000000dbe80000,0x00000000dbe80000,0x00000000dc400000)
  to   space 5632K, 0% used [0x00000000db900000,0x00000000db900000,0x00000000dbe80000)
 ParOldGen       total 34816K, used 9917K [0x0000000080000000, 0x0000000082200000, 0x00000000d5580000)
  object space 34816K, 28% used [0x0000000080000000,0x00000000809af560,0x0000000082200000)
 Metaspace       used 20861K, capacity 21136K, committed 21296K, reserved 1069056K
  class space    used 2311K, capacity 2425K, committed 2432K, reserved 1048576K
}
Event: 12.354 GC heap before
{Heap before GC invocations=12 (full 1):
 PSYoungGen      total 107520K, used 101888K [0x00000000d5580000, 0x00000000dc400000, 0x0000000100000000)
  eden space 101888K, 100% used [0x00000000d5580000,0x00000000db900000,0x00000000db900000)
  from space 5632K, 0% used [0x00000000dbe80000,0x00000000dbe80000,0x00000000dc400000)
  to   space 5632K, 0% used [0x00000000db900000,0x00000000db900000,0x00000000dbe80000)
 ParOldGen       total 34816K, used 9917K [0x0000000080000000, 0x0000000082200000, 0x00000000d5580000)
  object space 34816K, 28% used [0x0000000080000000,0x00000000809af560,0x0000000082200000)
 Metaspace       used 22328K, capacity 22648K, committed 22832K, reserved 1069056K
  class space    used 2449K, capacity 2580K, committed 2688K, reserved 1048576K
Event: 12.360 GC heap after
Heap after GC invocations=12 (full 1):
 PSYoungGen      total 107520K, used 3225K [0x00000000d5580000, 0x00000000de380000, 0x0000000100000000)
  eden space 101888K, 0% used [0x00000000d5580000,0x00000000d5580000,0x00000000db900000)
  from space 5632K, 57% used [0x00000000db900000,0x00000000dbc26588,0x00000000dbe80000)
  to   space 5632K, 0% used [0x00000000dde00000,0x00000000dde00000,0x00000000de380000)
 ParOldGen       total 34816K, used 9925K [0x0000000080000000, 0x0000000082200000, 0x00000000d5580000)
  object space 34816K, 28% used [0x0000000080000000,0x00000000809b1560,0x0000000082200000)
 Metaspace       used 22328K, capacity 22648K, committed 22832K, reserved 1069056K
  class space    used 2449K, capacity 2580K, committed 2688K, reserved 1048576K
}
Event: 16.558 GC heap before
{Heap before GC invocations=13 (full 1):
 PSYoungGen      total 107520K, used 105113K [0x00000000d5580000, 0x00000000de380000, 0x0000000100000000)
  eden space 101888K, 100% used [0x00000000d5580000,0x00000000db900000,0x00000000db900000)
  from space 5632K, 57% used [0x00000000db900000,0x00000000dbc26588,0x00000000dbe80000)
  to   space 5632K, 0% used [0x00000000dde00000,0x00000000dde00000,0x00000000de380000)
 ParOldGen       total 34816K, used 9925K [0x0000000080000000, 0x0000000082200000, 0x00000000d5580000)
  object space 34816K, 28% used [0x0000000080000000,0x00000000809b1560,0x0000000082200000)
 Metaspace       used 24325K, capacity 24706K, committed 24960K, reserved 1071104K
  class space    used 2749K, capacity 2881K, committed 2944K, reserved 1048576K
Event: 16.586 GC heap after
Heap after GC invocations=13 (full 1):
 PSYoungGen      total 138240K, used 5626K [0x00000000d5580000, 0x00000000de500000, 0x0000000100000000)
  eden space 132608K, 0% used [0x00000000d5580000,0x00000000d5580000,0x00000000dd700000)
  from space 5632K, 99% used [0x00000000dde00000,0x00000000de37eb18,0x00000000de380000)
  to   space 7168K, 0% used [0x00000000dd700000,0x00000000dd700000,0x00000000dde00000)
 ParOldGen       total 34816K, used 12837K [0x0000000080000000, 0x0000000082200000, 0x00000000d5580000)
  object space 34816K, 36% used [0x0000000080000000,0x0000000080c89410,0x0000000082200000)
 Metaspace       used 24325K, capacity 24706K, committed 24960K, reserved 1071104K
  class space    used 2749K, capacity 2881K, committed 2944K, reserved 1048576K
}

