# JRE version: OpenJDK Runtime Environment (Zulu 8.52.0.23-CA-win64) (8.0_282-b08) (build 1.8.0_282-b08)
# Java VM: OpenJDK 64-Bit Server VM (25.282-b08 mixed mode windows-amd64 compressed oops)
Heap:
 PSYoungGen      total 132608K, used 54890K [0x00000000d5580000, 0x00000000e5980000, 0x0000000100000000)
  eden space 125440K, 43% used [0x00000000d5580000,0x00000000d8b1a8e8,0x00000000dd000000)
  from space 7168K, 0% used [0x00000000dd000000,0x00000000dd000000,0x00000000dd700000)
  to   space 7680K, 0% used [0x00000000e5200000,0x00000000e5200000,0x00000000e5980000)
 ParOldGen       total 36864K, used 9538K [0x0000000080000000, 0x0000000082400000, 0x00000000d5580000)
  object space 36864K, 25% used [0x0000000080000000,0x0000000080950920,0x0000000082400000)
 Metaspace       used 22010K, capacity 22340K, committed 22448K, reserved 1069056K
  class space    used 2434K, capacity 2544K, committed 2560K, reserved 1048576K
GC Heap History (10 events):
Event: 6.706 GC heap before
{Heap before GC invocations=4 (full 0):
 PSYoungGen      total 34304K, used 34278K [0x00000000d5580000, 0x00000000d9880000, 0x0000000100000000)
  eden space 31744K, 100% used [0x00000000d5580000,0x00000000d7480000,0x00000000d7480000)
  from space 2560K, 98% used [0x00000000d7480000,0x00000000d76f98f0,0x00000000d7700000)
  to   space 2560K, 0% used [0x00000000d9600000,0x00000000d9600000,0x00000000d9880000)
 ParOldGen       total 42496K, used 2830K [0x0000000080000000, 0x0000000082980000, 0x00000000d5580000)
  object space 42496K, 6% used [0x0000000080000000,0x00000000802c3848,0x0000000082980000)
 Metaspace       used 10534K, capacity 10710K, committed 11008K, reserved 1058816K
  class space    used 1149K, capacity 1209K, committed 1280K, reserved 1048576K
Event: 6.716 GC heap after
Heap after GC invocations=4 (full 0):
 PSYoungGen      total 66048K, used 2548K [0x00000000d5580000, 0x00000000d9880000, 0x0000000100000000)
  eden space 63488K, 0% used [0x00000000d5580000,0x00000000d5580000,0x00000000d9380000)
  from space 2560K, 99% used [0x00000000d9600000,0x00000000d987d0b0,0x00000000d9880000)
  to   space 2560K, 0% used [0x00000000d9380000,0x00000000d9380000,0x00000000d9600000)
 ParOldGen       total 42496K, used 4507K [0x0000000080000000, 0x0000000082980000, 0x00000000d5580000)
  object space 42496K, 10% used [0x0000000080000000,0x0000000080466d88,0x0000000082980000)
 Metaspace       used 10534K, capacity 10710K, committed 11008K, reserved 1058816K
  class space    used 1149K, capacity 1209K, committed 1280K, reserved 1048576K
}
Event: 7.984 GC heap before
{Heap before GC invocations=5 (full 0):
 PSYoungGen      total 66048K, used 66036K [0x00000000d5580000, 0x00000000d9880000, 0x0000000100000000)
  eden space 63488K, 100% used [0x00000000d5580000,0x00000000d9380000,0x00000000d9380000)
  from space 2560K, 99% used [0x00000000d9600000,0x00000000d987d0b0,0x00000000d9880000)
  to   space 2560K, 0% used [0x00000000d9380000,0x00000000d9380000,0x00000000d9600000)
 ParOldGen       total 42496K, used 4507K [0x0000000080000000, 0x0000000082980000, 0x00000000d5580000)
  object space 42496K, 10% used [0x0000000080000000,0x0000000080466d88,0x0000000082980000)
 Metaspace       used 12745K, capacity 12946K, committed 13184K, reserved 1060864K
  class space    used 1303K, capacity 1376K, committed 1408K, reserved 1048576K
Event: 7.999 GC heap after
Heap after GC invocations=5 (full 0):
 PSYoungGen      total 66048K, used 2560K [0x00000000d5580000, 0x00000000ddc80000, 0x0000000100000000)
  eden space 63488K, 0% used [0x00000000d5580000,0x00000000d5580000,0x00000000d9380000)
  from space 2560K, 100% used [0x00000000d9380000,0x00000000d9600000,0x00000000d9600000)
  to   space 5632K, 0% used [0x00000000dd700000,0x00000000dd700000,0x00000000ddc80000)
 ParOldGen       total 42496K, used 6394K [0x0000000080000000, 0x0000000082980000, 0x00000000d5580000)
  object space 42496K, 15% used [0x0000000080000000,0x000000008063e8c8,0x0000000082980000)
 Metaspace       used 12745K, capacity 12946K, committed 13184K, reserved 1060864K
  class space    used 1303K, capacity 1376K, committed 1408K, reserved 1048576K
}
Event: 9.907 GC heap before
{Heap before GC invocations=6 (full 0):
 PSYoungGen      total 66048K, used 66048K [0x00000000d5580000, 0x00000000ddc80000, 0x0000000100000000)
  eden space 63488K, 100% used [0x00000000d5580000,0x00000000d9380000,0x00000000d9380000)
  from space 2560K, 100% used [0x00000000d9380000,0x00000000d9600000,0x00000000d9600000)
  to   space 5632K, 0% used [0x00000000dd700000,0x00000000dd700000,0x00000000ddc80000)
 ParOldGen       total 42496K, used 6394K [0x0000000080000000, 0x0000000082980000, 0x00000000d5580000)
  object space 42496K, 15% used [0x0000000080000000,0x000000008063e8c8,0x0000000082980000)
 Metaspace       used 18155K, capacity 18406K, committed 18816K, reserved 1067008K
  class space    used 1962K, capacity 2070K, committed 2176K, reserved 1048576K
Event: 9.928 GC heap after
Heap after GC invocations=6 (full 0):
 PSYoungGen      total 131072K, used 5610K [0x00000000d5580000, 0x00000000ddf80000, 0x0000000100000000)
  eden space 125440K, 0% used [0x00000000d5580000,0x00000000d5580000,0x00000000dd000000)
  from space 5632K, 99% used [0x00000000dd700000,0x00000000ddc7a8a0,0x00000000ddc80000)
  to   space 7168K, 0% used [0x00000000dd000000,0x00000000dd000000,0x00000000dd700000)
 ParOldGen       total 42496K, used 7919K [0x0000000080000000, 0x0000000082980000, 0x00000000d5580000)
  object space 42496K, 18% used [0x0000000080000000,0x00000000807bbf70,0x0000000082980000)
 Metaspace       used 18155K, capacity 18406K, committed 18816K, reserved 1067008K
  class space    used 1962K, capacity 2070K, committed 2176K, reserved 1048576K
}
Event: 11.873 GC heap before
{Heap before GC invocations=7 (full 0):
 PSYoungGen      total 131072K, used 50537K [0x00000000d5580000, 0x00000000ddf80000, 0x0000000100000000)
  eden space 125440K, 35% used [0x00000000d5580000,0x00000000d815fe60,0x00000000dd000000)
  from space 5632K, 99% used [0x00000000dd700000,0x00000000ddc7a8a0,0x00000000ddc80000)
  to   space 7168K, 0% used [0x00000000dd000000,0x00000000dd000000,0x00000000dd700000)
 ParOldGen       total 42496K, used 7919K [0x0000000080000000, 0x0000000082980000, 0x00000000d5580000)
  object space 42496K, 18% used [0x0000000080000000,0x00000000807bbf70,0x0000000082980000)
 Metaspace       used 20849K, capacity 21136K, committed 21296K, reserved 1069056K
  class space    used 2300K, capacity 2425K, committed 2432K, reserved 1048576K
Event: 11.965 GC heap after
Heap after GC invocations=7 (full 0):
 PSYoungGen      total 132608K, used 6369K [0x00000000d5580000, 0x00000000e5980000, 0x0000000100000000)
  eden space 125440K, 0% used [0x00000000d5580000,0x00000000d5580000,0x00000000dd000000)
  from space 7168K, 88% used [0x00000000dd000000,0x00000000dd638498,0x00000000dd700000)
  to   space 7680K, 0% used [0x00000000e5200000,0x00000000e5200000,0x00000000e5980000)
 ParOldGen       total 42496K, used 8975K [0x0000000080000000, 0x0000000082980000, 0x00000000d5580000)
  object space 42496K, 21% used [0x0000000080000000,0x00000000808c3cd0,0x0000000082980000)
 Metaspace       used 20849K, capacity 21136K, committed 21296K, reserved 1069056K
  class space    used 2300K, capacity 2425K, committed 2432K, reserved 1048576K
}
Event: 11.966 GC heap before
{Heap before GC invocations=8 (full 1):
 PSYoungGen      total 132608K, used 6369K [0x00000000d5580000, 0x00000000e5980000, 0x0000000100000000)
  eden space 125440K, 0% used [0x00000000d5580000,0x00000000d5580000,0x00000000dd000000)
  from space 7168K, 88% used [0x00000000dd000000,0x00000000dd638498,0x00000000dd700000)
  to   space 7680K, 0% used [0x00000000e5200000,0x00000000e5200000,0x00000000e5980000)
 ParOldGen       total 42496K, used 8975K [0x0000000080000000, 0x0000000082980000, 0x00000000d5580000)
  object space 42496K, 21% used [0x0000000080000000,0x00000000808c3cd0,0x0000000082980000)
 Metaspace       used 20849K, capacity 21136K, committed 21296K, reserved 1069056K
  class space    used 2300K, capacity 2425K, committed 2432K, reserved 1048576K
Event: 12.252 GC heap after
Heap after GC invocations=8 (full 1):
 PSYoungGen      total 132608K, used 0K [0x00000000d5580000, 0x00000000e5980000, 0x0000000100000000)
  eden space 125440K, 0% used [0x00000000d5580000,0x00000000d5580000,0x00000000dd000000)
  from space 7168K, 0% used [0x00000000dd000000,0x00000000dd000000,0x00000000dd700000)
  to   space 7680K, 0% used [0x00000000e5200000,0x00000000e5200000,0x00000000e5980000)
 ParOldGen       total 36864K, used 9538K [0x0000000080000000, 0x0000000082400000, 0x00000000d5580000)
  object space 36864K, 25% used [0x0000000080000000,0x0000000080950920,0x0000000082400000)
 Metaspace       used 20849K, capacity 21136K, committed 21296K, reserved 1069056K
  class space    used 2300K, capacity 2425K, committed 2432K, reserved 1048576K
}

